['TRAINING...', 'AI Optimality:', 0.0, 'Learning Rate:', 0.0, 'Exploration:', 0.0]
['Epsiode', 1000, 0.0076, 0.02588768726448332]
['Epsiode', 2000, 0.0094, 0.029186484650071037]
['Epsiode', 3000, 0.0084, 0.02789148897171137]
['Epsiode', 4000, 0.0076, 0.02726551050317538]
['Epsiode', 5000, 0.009, 0.02574069539666993]
['Epsiode', 6000, 0.0078, 0.027259377103347]
['Epsiode', 7000, 0.0078, 0.026398703006943806]
['Epsiode', 8000, 0.0083, 0.027731066744122054]
['Epsiode', 9000, 0.0102, 0.0293397784984397]
['Epsiode', 10000, 0.0101, 0.030452017330916018]
['FScore:', 0.16132196109104002, 'Precision:', 0.23397435897435898, 'Recall:', 0.12309820193637622]
['TRAINING...', 'AI Optimality:', 0.0, 'Learning Rate:', 0.0, 'Exploration:', 0.10000000000000001]
['Epsiode', 1000, 0.0087, 0.02823348694316436]
['Epsiode', 2000, 0.0086, 0.02763093189082862]
['Epsiode', 3000, 0.0088, 0.02743218750959973]
['Epsiode', 4000, 0.0086, 0.028932480629688846]
['Epsiode', 5000, 0.0093, 0.027909264154423064]
['Epsiode', 6000, 0.0098, 0.02805432645034415]
['Epsiode', 7000, 0.0082, 0.028000489626048106]
['Epsiode', 8000, 0.0089, 0.028557406214533298]
['Epsiode', 9000, 0.0081, 0.026318208278439902]
['Epsiode', 10000, 0.009, 0.02613357843137255]
['FScore:', 0.17811413761280304, 'Precision:', 0.2676282051282051, 'Recall:', 0.1334716459197787]
['TRAINING...', 'AI Optimality:', 0.0, 'Learning Rate:', 0.0, 'Exploration:', 0.20000000000000001]
['Epsiode', 1000, 0.0077, 0.02643604134081639]
['Epsiode', 2000, 0.0086, 0.02640953199852598]
['Epsiode', 3000, 0.0082, 0.02705103853930519]
['Epsiode', 4000, 0.0081, 0.02747740848521979]
['Epsiode', 5000, 0.008, 0.02749500230662771]
['Epsiode', 6000, 0.0084, 0.02659981043813251]
['Epsiode', 7000, 0.0098, 0.027504369423236134]
['Epsiode', 8000, 0.008, 0.025214952131227514]
['Epsiode', 9000, 0.0094, 0.029051000645577793]
['Epsiode', 10000, 0.0096, 0.029032848943704972]
['FScore:', 0.1719453778508615, 'Precision:', 0.23717948717948717, 'Recall:', 0.13485477178423236]
['TRAINING...', 'AI Optimality:', 0.0, 'Learning Rate:', 0.0, 'Exploration:', 0.30000000000000004]
['Epsiode', 1000, 0.0096, 0.02699555691741995]
['Epsiode', 2000, 0.0074, 0.02659379579872985]
['Epsiode', 3000, 0.008, 0.02658530602232307]
['Epsiode', 4000, 0.0084, 0.0264763299170327]
['Epsiode', 5000, 0.0087, 0.02740019593436199]
['Epsiode', 6000, 0.0087, 0.027468516152582587]
['Epsiode', 7000, 0.0071, 0.025122399020807835]
['Epsiode', 8000, 0.0083, 0.02740858700312366]
['Epsiode', 9000, 0.008, 0.02719652471855115]
['Epsiode', 10000, 0.0091, 0.028422344996930634]
['FScore:', 0.18655403027103132, 'Precision:', 0.2564102564102564, 'Recall:', 0.14661134163208853]
['TRAINING...', 'AI Optimality:', 0.0, 'Learning Rate:', 0.0, 'Exploration:', 0.40000000000000002]
['Epsiode', 1000, 0.0094, 0.030264855896269895]
['Epsiode', 2000, 0.0076, 0.027095785440613026]
['Epsiode', 3000, 0.0093, 0.028687771722490967]
['Epsiode', 4000, 0.0098, 0.02980203811459007]
['Epsiode', 5000, 0.0095, 0.02786282914880588]
['Epsiode', 6000, 0.008, 0.026847486683401704]
['Epsiode', 7000, 0.0087, 0.02885798670932808]
['Epsiode', 8000, 0.0092, 0.028009223674096848]
['Epsiode', 9000, 0.0074, 0.026006967789254935]
['Epsiode', 10000, 0.0078, 0.024656104151314175]
['FScore:', 0.17711437643910816, 'Precision:', 0.2483974358974359, 'Recall:', 0.1376210235131397]
['TRAINING...', 'AI Optimality:', 0.0, 'Learning Rate:', 0.0, 'Exploration:', 0.5]
['Epsiode', 1000, 0.0087, 0.026225279449699053]
['Epsiode', 2000, 0.0086, 0.028595921866389075]
['Epsiode', 3000, 0.0088, 0.027535524791120328]
['Epsiode', 4000, 0.0093, 0.029626239511823037]
['Epsiode', 5000, 0.0089, 0.028250833154982113]
['Epsiode', 6000, 0.0094, 0.027511667894866126]
['Epsiode', 7000, 0.0077, 0.02641833635052622]
['Epsiode', 8000, 0.0076, 0.02687858611273051]
['Epsiode', 9000, 0.0086, 0.02653511459737713]
['Epsiode', 10000, 0.0079, 0.028147514959091464]
['FScore:', 0.16518650088809947, 'Precision:', 0.23076923076923078, 'Recall:', 0.12863070539419086]
['TRAINING...', 'AI Optimality:', 0.0, 'Learning Rate:', 0.0, 'Exploration:', 0.60000000000000009]
['Epsiode', 1000, 0.0069, 0.026745044934137634]
['Epsiode', 2000, 0.0095, 0.028377676635000154]
['Epsiode', 3000, 0.0088, 0.027778627588949736]
['Epsiode', 4000, 0.0089, 0.02681441121552542]
['Epsiode', 5000, 0.008, 0.026533996683250415]
['Epsiode', 6000, 0.0096, 0.02836857634620113]
['Epsiode', 7000, 0.0089, 0.02685512367491166]
['Epsiode', 8000, 0.0097, 0.029419902241077194]
['Epsiode', 9000, 0.0079, 0.026357827476038338]
['Epsiode', 10000, 0.0105, 0.029933856329795415]
['FScore:', 0.14847176057692946, 'Precision:', 0.22275641025641027, 'Recall:', 0.11134163208852006]
['TRAINING...', 'AI Optimality:', 0.0, 'Learning Rate:', 0.0, 'Exploration:', 0.70000000000000007]
['Epsiode', 1000, 0.0076, 0.026534047436878348]
['Epsiode', 2000, 0.009, 0.025361431021808382]
['Epsiode', 3000, 0.0077, 0.026605841650848082]
['Epsiode', 4000, 0.0087, 0.02658092175777063]
['Epsiode', 5000, 0.0069, 0.02605783117721169]
['Epsiode', 6000, 0.0067, 0.02625867392168251]
['Epsiode', 7000, 0.0092, 0.028246515040352166]
['Epsiode', 8000, 0.0077, 0.02476400637489273]
['Epsiode', 9000, 0.0093, 0.028921809687730515]
['Epsiode', 10000, 0.0078, 0.0268899815611555]
['FScore:', 0.15699088428048938, 'Precision:', 0.2419871794871795, 'Recall:', 0.11618257261410789]
['TRAINING...', 'AI Optimality:', 0.0, 'Learning Rate:', 0.0, 'Exploration:', 0.80000000000000004]
['Epsiode', 1000, 0.0073, 0.02531373031496063]
['Epsiode', 2000, 0.0077, 0.025571840313975594]
['Epsiode', 3000, 0.0083, 0.027353572523765714]
['Epsiode', 4000, 0.0081, 0.02603397341211226]
['Epsiode', 5000, 0.008, 0.026570419290431576]
['Epsiode', 6000, 0.0082, 0.027466127153454725]
['Epsiode', 7000, 0.0092, 0.026837770305703796]
['Epsiode', 8000, 0.0072, 0.026038173059332887]
['Epsiode', 9000, 0.0088, 0.026700143911326128]
['Epsiode', 10000, 0.0083, 0.027224232019130542]
['FScore:', 0.1556324110671937, 'Precision:', 0.19230769230769232, 'Recall:', 0.13070539419087138]
['TRAINING...', 'AI Optimality:', 0.0, 'Learning Rate:', 0.0, 'Exploration:', 0.90000000000000002]
['Epsiode', 1000, 0.0082, 0.02939101089124099]
['Epsiode', 2000, 0.0095, 0.029184549356223177]
['Epsiode', 3000, 0.0087, 0.028101754063734042]
['Epsiode', 4000, 0.0093, 0.02698475974364478]
['Epsiode', 5000, 0.0087, 0.026036880475402806]
['Epsiode', 6000, 0.0078, 0.02807244104172432]
['Epsiode', 7000, 0.0082, 0.027739463601532566]
['Epsiode', 8000, 0.0085, 0.02798295889907132]
['Epsiode', 9000, 0.0096, 0.027616144823127367]
['Epsiode', 10000, 0.0078, 0.027528554368129343]
['FScore:', 0.1712827349108067, 'Precision:', 0.2483974358974359, 'Recall:', 0.13070539419087138]
['TRAINING...', 'AI Optimality:', 0.0, 'Learning Rate:', 0.0, 'Exploration:', 1.0]
['Epsiode', 1000, 0.0084, 0.027610380027056944]
['Epsiode', 2000, 0.009, 0.027288544305729374]
['Epsiode', 3000, 0.0077, 0.026557649156241356]
['Epsiode', 4000, 0.0088, 0.029117907665984294]
['Epsiode', 5000, 0.0068, 0.027390574958060087]
['Epsiode', 6000, 0.0078, 0.026518863302302794]
['Epsiode', 7000, 0.0079, 0.02792112053077774]
['Epsiode', 8000, 0.0084, 0.029114116395684547]
['Epsiode', 9000, 0.0079, 0.02547751172701352]
['Epsiode', 10000, 0.0086, 0.02700792724144288]
['FScore:', 0.17929937921818706, 'Precision:', 0.2548076923076923, 'Recall:', 0.13831258644536654]
['TRAINING...', 'AI Optimality:', 0.0, 'Learning Rate:', 0.10000000000000001, 'Exploration:', 0.0]
['Epsiode', 1000, 0.007, 0.025938274248310036]
['Epsiode', 2000, 0.0084, 0.02671169788148603]
['Epsiode', 3000, 0.0094, 0.02889087381033049]
['Epsiode', 4000, 0.0074, 0.025683360851219958]
['Epsiode', 5000, 0.0073, 0.026258474186324734]
['Epsiode', 6000, 0.0092, 0.02700797057020233]
['Epsiode', 7000, 0.0089, 0.02666995164916387]
['Epsiode', 8000, 0.007, 0.025290164935858277]
['Epsiode', 9000, 0.0082, 0.027759012466990113]
['Epsiode', 10000, 0.0097, 0.029511116570445892]
['FScore:', 0.36649214659685864, 'Precision:', 0.22435897435897437, 'Recall:', 1.0]
['TRAINING...', 'AI Optimality:', 0.0, 'Learning Rate:', 0.10000000000000001, 'Exploration:', 0.10000000000000001]
['Epsiode', 1000, 0.0081, 0.02705438483482102]
['Epsiode', 2000, 0.0076, 0.02653430155957962]
['Epsiode', 3000, 0.0073, 0.026358487677942754]
['Epsiode', 4000, 0.0078, 0.027441262848751837]
['Epsiode', 5000, 0.0087, 0.02871688565070268]
['Epsiode', 6000, 0.0065, 0.026772282091431027]
['Epsiode', 7000, 0.0071, 0.02731028616562367]
['Epsiode', 8000, 0.0086, 0.0268345609584645]
['Epsiode', 9000, 0.0087, 0.027020433058859407]
['Epsiode', 10000, 0.0085, 0.027014623998041973]
['FScore:', 0.13727748978304397, 'Precision:', 0.22435897435897437, 'Recall:', 0.09889349930843706]
['TRAINING...', 'AI Optimality:', 0.0, 'Learning Rate:', 0.10000000000000001, 'Exploration:', 0.20000000000000001]
['Epsiode', 1000, 0.0109, 0.029779029197527087]
['Epsiode', 2000, 0.0099, 0.027846781365964364]
['Epsiode', 3000, 0.0084, 0.027895620326567984]
['Epsiode', 4000, 0.0093, 0.028561807383824158]
['Epsiode', 5000, 0.0069, 0.02578048180924287]
['Epsiode', 6000, 0.0104, 0.02785720874458076]
['Epsiode', 7000, 0.0081, 0.02756278870568081]
['Epsiode', 8000, 0.0084, 0.026320633167679]
['Epsiode', 9000, 0.0069, 0.02679036159333762]
['Epsiode', 10000, 0.008, 0.027293078597933087]
['FScore:', 0.21362674392323652, 'Precision:', 0.23717948717948717, 'Recall:', 0.19432918395573998]
['TRAINING...', 'AI Optimality:', 0.0, 'Learning Rate:', 0.10000000000000001, 'Exploration:', 0.30000000000000004]
['Epsiode', 1000, 0.008, 0.026018099547511313]
['Epsiode', 2000, 0.0083, 0.02656115814010551]
['Epsiode', 3000, 0.0072, 0.02776158777876622]
['Epsiode', 4000, 0.0094, 0.02838381048820154]
['Epsiode', 5000, 0.0069, 0.026423384390065297]
['Epsiode', 6000, 0.0079, 0.02540500736377025]
['Epsiode', 7000, 0.0083, 0.027089213400417228]
['Epsiode', 8000, 0.009, 0.02656115814010551]
['Epsiode', 9000, 0.0088, 0.026597211582656658]
['Epsiode', 10000, 0.0085, 0.028361828171521532]
['FScore:', 0.22212411013165312, 'Precision:', 0.21955128205128205, 'Recall:', 0.22475795297372061]
['TRAINING...', 'AI Optimality:', 0.0, 'Learning Rate:', 0.10000000000000001, 'Exploration:', 0.40000000000000002]
['Epsiode', 1000, 0.0079, 0.026972477064220183]
['Epsiode', 2000, 0.0078, 0.02706504786079085]
['Epsiode', 3000, 0.0113, 0.029653382195755078]
['Epsiode', 4000, 0.0083, 0.026463929511105672]
['Epsiode', 5000, 0.0091, 0.02711304241385642]
['Epsiode', 6000, 0.0079, 0.02703116859235649]
['Epsiode', 7000, 0.008, 0.025930585816429864]
['Epsiode', 8000, 0.008, 0.02600276625172891]
['Epsiode', 9000, 0.009, 0.028352326540588432]
['Epsiode', 10000, 0.008, 0.027254312196918543]
['FScore:', 0.3395807670518038, 'Precision:', 0.23397435897435898, 'Recall:', 0.6189488243430152]
['TRAINING...', 'AI Optimality:', 0.0, 'Learning Rate:', 0.10000000000000001, 'Exploration:', 0.5]
['Epsiode', 1000, 0.0071, 0.02509168704156479]
['Epsiode', 2000, 0.0066, 0.02318831724306489]
['Epsiode', 3000, 0.0097, 0.02814310677825807]
['Epsiode', 4000, 0.0077, 0.02602983608570201]
