['TRAINING...', 'AI Optimality:', 0.0, 'Learning Rate:', 0.0, 'Exploration:', 0.0]
['Epsiode', 1000, 0.0079, 0.026370661106341224]
['Epsiode', 2000, 0.0089, 0.028636601831016305]
['Epsiode', 3000, 0.0078, 0.02767646427805192]
['Epsiode', 4000, 0.0083, 0.026737478252907242]
['Epsiode', 5000, 0.0085, 0.0262859593762446]
['Epsiode', 6000, 0.0091, 0.027634961439588688]
['Epsiode', 7000, 0.0075, 0.02528658125421443]
['Epsiode', 8000, 0.0084, 0.026944740447556705]
['Epsiode', 9000, 0.0078, 0.025983167559296097]
['Epsiode', 10000, 0.009, 0.02901430842607313]
['FScore:', 0.17066055801134633]
['TRAINING...', 'AI Optimality:', 0.0, 'Learning Rate:', 0.0, 'Exploration:', 0.10000000000000001]
['Epsiode', 1000, 0.0086, 0.026988070046309074]
['Epsiode', 2000, 0.0077, 0.027290029469548133]
['Epsiode', 3000, 0.008, 0.02593182932810201]
['Epsiode', 4000, 0.0098, 0.028275269872423944]
['Epsiode', 5000, 0.0082, 0.027866633858267716]
['Epsiode', 6000, 0.0085, 0.0280241873599558]
['Epsiode', 7000, 0.007, 0.026575014576364808]
['Epsiode', 8000, 0.0081, 0.027231374477501843]
['Epsiode', 9000, 0.0084, 0.026167879848889707]
['Epsiode', 10000, 0.0077, 0.026410013159102734]
['FScore:', 0.1675839515035495]
['TRAINING...', 'AI Optimality:', 0.0, 'Learning Rate:', 0.0, 'Exploration:', 0.20000000000000001]
['Epsiode', 1000, 0.0088, 0.02629721685231213]
['Epsiode', 2000, 0.0089, 0.027201277170575956]
['Epsiode', 3000, 0.0087, 0.02739599667927313]
['Epsiode', 4000, 0.0075, 0.02619589977220957]
['Epsiode', 5000, 0.0087, 0.027649911004725955]
['Epsiode', 6000, 0.0091, 0.027602475338520924]
['Epsiode', 7000, 0.0072, 0.025061274509803923]
['Epsiode', 8000, 0.0073, 0.027312476906022908]
['Epsiode', 9000, 0.0082, 0.02711760184473482]
['Epsiode', 10000, 0.007, 0.027911689747290202]
['FScore:', 0.20654744424007296]
['TRAINING...', 'AI Optimality:', 0.0, 'Learning Rate:', 0.0, 'Exploration:', 0.30000000000000004]
['Epsiode', 1000, 0.007, 0.026872219852537932]
['Epsiode', 2000, 0.009, 0.027353670103723648]
['Epsiode', 3000, 0.0079, 0.025193444221044293]
['Epsiode', 4000, 0.0086, 0.02761196314323323]
